<?xml version="1.0" encoding="UTF-8"?>
<testsuite xmlns:xsi="http://www.w3.org/2001/XMLSchema-instance" xsi:noNamespaceSchemaLocation="https://maven.apache.org/surefire/maven-surefire-plugin/xsd/surefire-test-report.xsd" name="TestSuite" time="0.384" tests="3" errors="0" skipped="1" failures="1">
  <properties>
[...]
</properties>
  <testcase name="TestToPass" classname="testNGDemos.ListenerTestNGTestCase" time="0.004"/>
  <testcase name="TestToSkip" classname="testNGDemos.ListenerTestNGTestCase" time="0">
    <skipped message="Skipping - This is not ready for testing "/>
    <system-out><![CDATA[This method to skip test
The name of the testcase Skipped is :TestToSkip
]]></system-out>
  </testcase>
  <testcase name="TestToFail" classname="testNGDemos.ListenerTestNGTestCase" time="0.005">
    <failure type="java.lang.AssertionError:">java.lang.AssertionError: 
	at testNGDemos.ListenerTestNGTestCase.TestToFail(ListenerTestNGTestCase.java:40)
</failure>
    <system-out><![CDATA[This method to test fail
The name of the testcase failed is :TestToFail
]]></system-out>
  </testcase>
</testsuite>