<?xml version="1.0" encoding="UTF-8"?>
<!-- Generated by org.testng.reporters.JUnitXMLReporter -->
<testsuite ignored="0" hostname="Arunas-MacBook-Pro.local" failures="0" tests="3" name="parallertest" time="8.789" errors="0" timestamp="2021-07-08T16:54:15 MST">
  <testcase classname="testNGDemos.ParallelTesting" name="openGamil" time="3.255"/>
  <testcase classname="testNGDemos.ParallelTesting" name="openAmazon" time="5.848"/>
  <testcase classname="testNGDemos.ParallelTesting" name="openzAmazon2" time="5.502"/>
</testsuite> <!-- parallertest -->
