<?xml version="1.0" encoding="UTF-8"?>
<!-- Generated by org.testng.reporters.JUnitXMLReporter -->
<testsuite ignored="0" hostname="Arunas-MacBook-Pro.local" failures="0" tests="3" name="testngTest" time="0.038" errors="0" timestamp="2021-07-07T19:21:49 MST">
  <testcase classname="testNGDemos.TestCaseGroup1" name="loginTest1" time="0.006"/>
  <testcase classname="testNGDemos.TestCaseGroup2" name="sentMail" time="0.001"/>
  <testcase classname="testNGDemos.ParameterizedTest" name="parameterizedTest" time="0.001"/>
</testsuite> <!-- testngTest -->
